Arguments: 
  C:\Program Files\nodejs\node.exe C:\Program Files\nodejs\node_modules\yarn\bin\yarn.js add -D @babe/preset-env @babel/cli

PATH: 
  E:\learnMaterials\suanfa\node_modules\.bin;C:\Program Files (x86)\Razer Chroma SDK\bin;C:\Program Files\Razer Chroma SDK\bin;C:\Program Files (x86)\Razer\ChromaBroadcast\bin;C:\Program Files\Razer\ChromaBroadcast\bin;E:\Xftp6\;D:\Xshell\;E:\eclipse\jdk1.8.0_202\bin;E:\eclipse\jdk1.8.0_202\jre\bin;C:\Program Files (x86)\Common Files\Oracle\Java\javapath;C:\windows\system32;C:\windows;C:\windows\System32\Wbem;E:\Redis;C:\windows\System32\WindowsPowerShell\v1.0\;C:\windows\System32\OpenSSH\;C:\Program Files (x86)\NVIDIA Corporation\PhysX\Common;C:\Program Files\Intel\WiFi\bin\;C:\Program Files\Common Files\Intel\WirelessCommon\;C:\Program Files (x86)\Microsoft SQL Server\100\Tools\Binn\;C:\Program Files\Microsoft SQL Server\100\Tools\Binn\;C:\Program Files\Microsoft SQL Server\100\DTS\Binn\;C:\Program Files (x86)\Microsoft SQL Server\100\Tools\Binn\VSShell\Common7\IDE\;C:\Program Files (x86)\Microsoft Visual Studio 9.0\Common7\IDE\PrivateAssemblies\;C:\Program Files (x86)\Microsoft SQL Server\100\DTS\Binn\;E:\eclipse\apache-maven-3.6.0\bin\;E:\MongoDB\Server\4.0\bin;E:\eclipse\Tomcat 6.0\bin;C:\Program Files\MongoDB\Server\4.0\bin;E:\chromedriver;C:\Users\nice\AppData\Local\Android\Sdk\platform-tools;C:\Users\nice\AppData\Local\Android\Sdk\tools;C:\Python27;C:\windows\system32\config\systemprofile\AppData\Local\Microsoft\WindowsApps;E:\nodejs\;E:\nodejs\node_global;E:\nodejs\node_modules;C:\Program Files\MySQL\MySQL Utilities 1.6\;C:\WINDOWS\system32;C:\WINDOWS;C:\WINDOWS\System32\Wbem;C:\WINDOWS\System32\WindowsPowerShell\v1.0\;C:\WINDOWS\System32\OpenSSH\;C:\Program Files\dotnet\;E:\Git\cmd;E:\OpenSSL-Win64\bin;E:\sqlite;E:\nvm;C:\Program Files\nodejs;E:\Ruby27-x64\bin;C:\Users\nice\AppData\Local\Microsoft\WindowsApps;E:\IntelliJ IDEA\bin;E:\Fiddler;E:\PyCharm 2019.2.2\bin;E:\WebStorm\WebStorm 2019.2.3\bin;E:\Microsoft VS Code\bin;E:\IntelliJ IDEA 2019.3.2\bin;E:\WebStorm 2019.3.2\bin;C:\Users\nice\AppData\Local\Microsoft\WindowsApps;C:\Users\nice\AppData\Roaming\npm;E:\nvm;C:\Program Files\nodejs

Yarn version: 
  1.22.10

Node version: 
  14.15.0

Platform: 
  win32 x64

Trace: 
  Error: https://registry.npm.taobao.org/@babe%2fpreset-env: Not found
      at Request.params.callback [as _callback] (E:\nvm\v14.15.0\node_modules\yarn\lib\cli.js:66988:18)
      at Request.self.callback (E:\nvm\v14.15.0\node_modules\yarn\lib\cli.js:140662:22)
      at Request.emit (events.js:315:20)
      at Request.<anonymous> (E:\nvm\v14.15.0\node_modules\yarn\lib\cli.js:141634:10)
      at Request.emit (events.js:315:20)
      at IncomingMessage.<anonymous> (E:\nvm\v14.15.0\node_modules\yarn\lib\cli.js:141556:12)
      at Object.onceWrapper (events.js:421:28)
      at IncomingMessage.emit (events.js:327:22)
      at endReadableNT (_stream_readable.js:1327:12)
      at processTicksAndRejections (internal/process/task_queues.js:80:21)

npm manifest: 
  {
    "name": "demo2",
    "version": "1.0.0",
    "description": "",
    "main": "index.js",
    "scripts": {
      "test": "echo \"Error: no test specified\" && exit 1"
    },
    "keywords": [],
    "author": "",
    "license": "ISC",
    "devDependencies": {
      "@babel/plugin-transform-arrow-functions": "^7.12.1"
    }
  }

yarn manifest: 
  No manifest

Lockfile: 
  # THIS IS AN AUTOGENERATED FILE. DO NOT EDIT THIS FILE DIRECTLY.
  # yarn lockfile v1
  
  
  "@babel/helper-plugin-utils@^7.10.4":
    version "7.10.4"
    resolved "https://registry.npm.taobao.org/@babel/helper-plugin-utils/download/@babel/helper-plugin-utils-7.10.4.tgz?cache=0&sync_timestamp=1593521123680&other_urls=https%3A%2F%2Fregistry.npm.taobao.org%2F%40babel%2Fhelper-plugin-utils%2Fdownload%2F%40babel%2Fhelper-plugin-utils-7.10.4.tgz#2f75a831269d4f677de49986dff59927533cf375"
    integrity sha1-L3WoMSadT2d95JmG3/WZJ1M883U=
  
  "@babel/plugin-transform-arrow-functions@^7.12.1":
    version "7.12.1"
    resolved "https://registry.npm.taobao.org/@babel/plugin-transform-arrow-functions/download/@babel/plugin-transform-arrow-functions-7.12.1.tgz?cache=0&sync_timestamp=1602800389200&other_urls=https%3A%2F%2Fregistry.npm.taobao.org%2F%40babel%2Fplugin-transform-arrow-functions%2Fdownload%2F%40babel%2Fplugin-transform-arrow-functions-7.12.1.tgz#8083ffc86ac8e777fbe24b5967c4b2521f3cb2b3"
    integrity sha1-gIP/yGrI53f74ktZZ8SyUh88srM=
    dependencies:
      "@babel/helper-plugin-utils" "^7.10.4"
