Arguments: 
  C:\Program Files\nodejs\node.exe C:\Program Files\nodejs\node_modules\yarn\bin\yarn.js init

PATH: 
  E:\learnMaterials\suanfa\node_modules\.bin;C:\Program Files (x86)\Razer Chroma SDK\bin;C:\Program Files\Razer Chroma SDK\bin;C:\Program Files (x86)\Razer\ChromaBroadcast\bin;C:\Program Files\Razer\ChromaBroadcast\bin;E:\Xftp6\;D:\Xshell\;E:\eclipse\jdk1.8.0_202\bin;E:\eclipse\jdk1.8.0_202\jre\bin;C:\Program Files (x86)\Common Files\Oracle\Java\javapath;C:\windows\system32;C:\windows;C:\windows\System32\Wbem;E:\Redis;C:\windows\System32\WindowsPowerShell\v1.0\;C:\windows\System32\OpenSSH\;C:\Program Files (x86)\NVIDIA Corporation\PhysX\Common;C:\Program Files\Intel\WiFi\bin\;C:\Program Files\Common Files\Intel\WirelessCommon\;C:\Program Files (x86)\Microsoft SQL Server\100\Tools\Binn\;C:\Program Files\Microsoft SQL Server\100\Tools\Binn\;C:\Program Files\Microsoft SQL Server\100\DTS\Binn\;C:\Program Files (x86)\Microsoft SQL Server\100\Tools\Binn\VSShell\Common7\IDE\;C:\Program Files (x86)\Microsoft Visual Studio 9.0\Common7\IDE\PrivateAssemblies\;C:\Program Files (x86)\Microsoft SQL Server\100\DTS\Binn\;E:\eclipse\apache-maven-3.6.0\bin\;E:\MongoDB\Server\4.0\bin;E:\eclipse\Tomcat 6.0\bin;C:\Program Files\MongoDB\Server\4.0\bin;E:\chromedriver;C:\Users\nice\AppData\Local\Android\Sdk\platform-tools;C:\Users\nice\AppData\Local\Android\Sdk\tools;C:\Python27;C:\windows\system32\config\systemprofile\AppData\Local\Microsoft\WindowsApps;E:\nodejs\;E:\nodejs\node_global;E:\nodejs\node_modules;C:\Program Files\MySQL\MySQL Utilities 1.6\;C:\WINDOWS\system32;C:\WINDOWS;C:\WINDOWS\System32\Wbem;C:\WINDOWS\System32\WindowsPowerShell\v1.0\;C:\WINDOWS\System32\OpenSSH\;C:\Program Files\dotnet\;E:\Git\cmd;E:\OpenSSL-Win64\bin;E:\sqlite;E:\nvm;C:\Program Files\nodejs;E:\Ruby27-x64\bin;C:\Users\nice\AppData\Local\Microsoft\WindowsApps;E:\IntelliJ IDEA\bin;E:\Fiddler;E:\PyCharm 2019.2.2\bin;E:\WebStorm\WebStorm 2019.2.3\bin;E:\Microsoft VS Code\bin;E:\IntelliJ IDEA 2019.3.2\bin;E:\WebStorm 2019.3.2\bin;C:\Users\nice\AppData\Local\Microsoft\WindowsApps;C:\Users\nice\AppData\Roaming\npm;E:\nvm;C:\Program Files\nodejs

Yarn version: 
  1.22.10

Node version: 
  14.15.0

Platform: 
  win32 x64

Trace: 
  Error: canceled
      at Interface.<anonymous> (E:\nvm\v14.15.0\node_modules\yarn\lib\cli.js:136216:13)
      at Interface.emit (events.js:315:20)
      at Interface._ttyWrite (readline.js:875:16)
      at ReadStream.onkeypress (readline.js:213:10)
      at ReadStream.emit (events.js:315:20)
      at emitKeys (internal/readline/utils.js:345:14)
      at emitKeys.next (<anonymous>)
      at ReadStream.onData (readline.js:1144:36)
      at ReadStream.emit (events.js:315:20)
      at addChunk (_stream_readable.js:309:12)

npm manifest: 
  No manifest

yarn manifest: 
  No manifest

Lockfile: 
  No lockfile
